<?xml version="1.0" encoding="UTF-8"?>
<!-- Generated by org.testng.reporters.JUnitReportReporter -->
<testsuite hostname="DESKTOP-HQ5STS1" failures="0" tests="8" name="tests.FirstTest" time="38.575" errors="0" timestamp="2022-01-23T13:50:51 IST" skipped="0">
  <testcase classname="tests.FirstTest" name="Test1" time="13.416"/>
  <system-out/>
  <testcase classname="tests.FirstTest" name="Test2" time="10.021"/>
  <system-out/>
  <testcase classname="tests.FirstTest" name="Test3" time="3.122"/>
  <system-out/>
  <testcase classname="tests.FirstTest" name="Test4" time="1.078"/>
  <system-out/>
  <testcase classname="tests.FirstTest" name="Test5" time="1.087"/>
  <system-out/>
  <testcase classname="tests.FirstTest" name="Test6" time="2.202"/>
  <system-out/>
  <testcase classname="tests.FirstTest" name="Test7" time="4.411"/>
  <system-out/>
  <testcase classname="tests.FirstTest" name="Test8" time="3.238"/>
  <system-out/>
</testsuite> <!-- tests.FirstTest -->
